# JRE version: OpenJDK Runtime Environment (8.0_152-b02) (build 1.8.0_152-release-1024-b02)
# Java VM: OpenJDK 64-Bit Server VM (25.152-b02 mixed mode windows-amd64 compressed oops)
Heap:
 PSYoungGen      total 349696K, used 314055K [0x00000000e8580000, 0x00000000ffb80000, 0x0000000100000000)
  eden space 322560K, 93% used [0x00000000e8580000,0x00000000fad7fe60,0x00000000fc080000)
  from space 27136K, 40% used [0x00000000fe100000,0x00000000febb1e48,0x00000000ffb80000)
  to   space 30208K, 0% used [0x00000000fc080000,0x00000000fc080000,0x00000000fde00000)
 ParOldGen       total 187392K, used 140534K [0x00000000b9000000, 0x00000000c4700000, 0x00000000e8580000)
  object space 187392K, 74% used [0x00000000b9000000,0x00000000c193d838,0x00000000c4700000)
 Metaspace       used 107332K, capacity 113514K, committed 113740K, reserved 1148928K
  class space    used 13541K, capacity 14881K, committed 14976K, reserved 1048576K
GC Heap History (10 events):
Event: 2539.673 GC heap before
{Heap before GC invocations=44 (full 4):
 PSYoungGen      total 363008K, used 350120K [0x00000000e8580000, 0x0000000100000000, 0x0000000100000000)
  eden space 342016K, 99% used [0x00000000e8580000,0x00000000fd31ec50,0x00000000fd380000)
  from space 20992K, 40% used [0x00000000fd380000,0x00000000fdbcb428,0x00000000fe800000)
  to   space 20992K, 0% used [0x00000000feb80000,0x00000000feb80000,0x0000000100000000)
 ParOldGen       total 187392K, used 102974K [0x00000000b9000000, 0x00000000c4700000, 0x00000000e8580000)
  object space 187392K, 54% used [0x00000000b9000000,0x00000000bf48fa08,0x00000000c4700000)
 Metaspace       used 100811K, capacity 105380K, committed 106572K, reserved 1142784K
  class space    used 12728K, capacity 13705K, committed 13952K, reserved 1048576K
Event: 2539.711 GC heap after
Heap after GC invocations=44 (full 4):
 PSYoungGen      total 333824K, used 20976K [0x00000000e8580000, 0x0000000100000000, 0x0000000100000000)
  eden space 312832K, 0% used [0x00000000e8580000,0x00000000e8580000,0x00000000fb700000)
  from space 20992K, 99% used [0x00000000feb80000,0x00000000ffffc220,0x0000000100000000)
  to   space 37376K, 0% used [0x00000000fb700000,0x00000000fb700000,0x00000000fdb80000)
 ParOldGen       total 187392K, used 135539K [0x00000000b9000000, 0x00000000c4700000, 0x00000000e8580000)
  object space 187392K, 72% used [0x00000000b9000000,0x00000000c145cd98,0x00000000c4700000)
 Metaspace       used 100811K, capacity 105380K, committed 106572K, reserved 1142784K
  class space    used 12728K, capacity 13705K, committed 13952K, reserved 1048576K
}
Event: 2539.774 GC heap before
{Heap before GC invocations=45 (full 4):
 PSYoungGen      total 333824K, used 332886K [0x00000000e8580000, 0x0000000100000000, 0x0000000100000000)
  eden space 312832K, 99% used [0x00000000e8580000,0x00000000fb619780,0x00000000fb700000)
  from space 20992K, 99% used [0x00000000feb80000,0x00000000ffffc220,0x0000000100000000)
  to   space 37376K, 0% used [0x00000000fb700000,0x00000000fb700000,0x00000000fdb80000)
 ParOldGen       total 187392K, used 135539K [0x00000000b9000000, 0x00000000c4700000, 0x00000000e8580000)
  object space 187392K, 72% used [0x00000000b9000000,0x00000000c145cd98,0x00000000c4700000)
 Metaspace       used 100820K, capacity 105380K, committed 106572K, reserved 1142784K
  class space    used 12728K, capacity 13705K, committed 13952K, reserved 1048576K
Event: 2539.779 GC heap after
Heap after GC invocations=45 (full 4):
 PSYoungGen      total 350208K, used 9097K [0x00000000e8580000, 0x0000000100000000, 0x0000000100000000)
  eden space 312832K, 0% used [0x00000000e8580000,0x00000000e8580000,0x00000000fb700000)
  from space 37376K, 24% used [0x00000000fb700000,0x00000000fbfe27c8,0x00000000fdb80000)
  to   space 34816K, 0% used [0x00000000fde00000,0x00000000fde00000,0x0000000100000000)
 ParOldGen       total 187392K, used 135571K [0x00000000b9000000, 0x00000000c4700000, 0x00000000e8580000)
  object space 187392K, 72% used [0x00000000b9000000,0x00000000c1464d98,0x00000000c4700000)
 Metaspace       used 100820K, capacity 105380K, committed 106572K, reserved 1142784K
  class space    used 12728K, capacity 13705K, committed 13952K, reserved 1048576K
}
Event: 2539.826 GC heap before
{Heap before GC invocations=46 (full 4):
 PSYoungGen      total 350208K, used 321915K [0x00000000e8580000, 0x0000000100000000, 0x0000000100000000)
  eden space 312832K, 99% used [0x00000000e8580000,0x00000000fb6fc720,0x00000000fb700000)
  from space 37376K, 24% used [0x00000000fb700000,0x00000000fbfe27c8,0x00000000fdb80000)
  to   space 34816K, 0% used [0x00000000fde00000,0x00000000fde00000,0x0000000100000000)
 ParOldGen       total 187392K, used 135571K [0x00000000b9000000, 0x00000000c4700000, 0x00000000e8580000)
  object space 187392K, 72% used [0x00000000b9000000,0x00000000c1464d98,0x00000000c4700000)
 Metaspace       used 100821K, capacity 105380K, committed 106572K, reserved 1142784K
  class space    used 12728K, capacity 13705K, committed 13952K, reserved 1048576K
Event: 2539.831 GC heap after
Heap after GC invocations=46 (full 4):
 PSYoungGen      total 344576K, used 4646K [0x00000000e8580000, 0x00000000ffa80000, 0x0000000100000000)
  eden space 315392K, 0% used [0x00000000e8580000,0x00000000e8580000,0x00000000fb980000)
  from space 29184K, 15% used [0x00000000fde00000,0x00000000fe289bf8,0x00000000ffa80000)
  to   space 33280K, 0% used [0x00000000fb980000,0x00000000fb980000,0x00000000fda00000)
 ParOldGen       total 187392K, used 136867K [0x00000000b9000000, 0x00000000c4700000, 0x00000000e8580000)
  object space 187392K, 73% used [0x00000000b9000000,0x00000000c15a8dc8,0x00000000c4700000)
 Metaspace       used 100821K, capacity 105380K, committed 106572K, reserved 1142784K
  class space    used 12728K, capacity 13705K, committed 13952K, reserved 1048576K
}
Event: 11572.058 GC heap before
{Heap before GC invocations=47 (full 4):
 PSYoungGen      total 344576K, used 320033K [0x00000000e8580000, 0x00000000ffa80000, 0x0000000100000000)
  eden space 315392K, 99% used [0x00000000e8580000,0x00000000fb97e908,0x00000000fb980000)
  from space 29184K, 15% used [0x00000000fde00000,0x00000000fe289bf8,0x00000000ffa80000)
  to   space 33280K, 0% used [0x00000000fb980000,0x00000000fb980000,0x00000000fda00000)
 ParOldGen       total 187392K, used 136867K [0x00000000b9000000, 0x00000000c4700000, 0x00000000e8580000)
  object space 187392K, 73% used [0x00000000b9000000,0x00000000c15a8dc8,0x00000000c4700000)
 Metaspace       used 104075K, capacity 109002K, committed 109772K, reserved 1144832K
  class space    used 13045K, capacity 14118K, committed 14336K, reserved 1048576K
Event: 11572.064 GC heap after
Heap after GC invocations=47 (full 4):
 PSYoungGen      total 348672K, used 4932K [0x00000000e8580000, 0x0000000100000000, 0x0000000100000000)
  eden space 315392K, 0% used [0x00000000e8580000,0x00000000e8580000,0x00000000fb980000)
  from space 33280K, 14% used [0x00000000fb980000,0x00000000fbe51388,0x00000000fda00000)
  to   space 31744K, 0% used [0x00000000fe100000,0x00000000fe100000,0x0000000100000000)
 ParOldGen       total 187392K, used 138292K [0x00000000b9000000, 0x00000000c4700000, 0x00000000e8580000)
  object space 187392K, 73% used [0x00000000b9000000,0x00000000c170d270,0x00000000c4700000)
 Metaspace       used 104075K, capacity 109002K, committed 109772K, reserved 1144832K
  class space    used 13045K, capacity 14118K, committed 14336K, reserved 1048576K
}
Event: 14173.149 GC heap before
{Heap before GC invocations=48 (full 4):
 PSYoungGen      total 348672K, used 320324K [0x00000000e8580000, 0x0000000100000000, 0x0000000100000000)
  eden space 315392K, 100% used [0x00000000e8580000,0x00000000fb980000,0x00000000fb980000)
  from space 33280K, 14% used [0x00000000fb980000,0x00000000fbe51388,0x00000000fda00000)
  to   space 31744K, 0% used [0x00000000fe100000,0x00000000fe100000,0x0000000100000000)
 ParOldGen       total 187392K, used 138292K [0x00000000b9000000, 0x00000000c4700000, 0x00000000e8580000)
  object space 187392K, 73% used [0x00000000b9000000,0x00000000c170d270,0x00000000c4700000)
 Metaspace       used 105691K, capacity 111206K, committed 111308K, reserved 1146880K
  class space    used 13273K, capacity 14498K, committed 14592K, reserved 1048576K
Event: 14173.165 GC heap after
Heap after GC invocations=48 (full 4):
 PSYoungGen      total 349696K, used 10951K [0x00000000e8580000, 0x00000000ffb80000, 0x0000000100000000)
  eden space 322560K, 0% used [0x00000000e8580000,0x00000000e8580000,0x00000000fc080000)
  from space 27136K, 40% used [0x00000000fe100000,0x00000000febb1e48,0x00000000ffb80000)
  to   space 30208K, 0% used [0x00000000fc080000,0x00000000fc080000,0x00000000fde00000)
 ParOldGen       total 187392K, used 140534K [0x00000000b9000000, 0x00000000c4700000, 0x00000000e8580000)
  object space 187392K, 74% used [0x00000000b9000000,0x00000000c193d838,0x00000000c4700000)
 Metaspace       used 105691K, capacity 111206K, committed 111308K, reserved 1146880K
  class space    used 13273K, capacity 14498K, committed 14592K, reserved 1048576K
}

